[0.010s] Invoking command in '/home/manzur2/ros2_ws/src/ros2_diff_drive_robot_description/build/ros2_diff_drive_robot_description': CMAKE_PREFIX_PATH=/home/manzur2/ros2_ws/src/ros2_diff_drive_robot_description/install/ros2_diff_drive_robot_description:/opt/ros/foxy:/opt/ros/noetic CONDA_PROMPT_MODIFIER=(base) /usr/bin/cmake --build /home/manzur2/ros2_ws/src/ros2_diff_drive_robot_description/build/ros2_diff_drive_robot_description -- -j16 -l16
[0.024s] -- Found ament_cmake: 0.9.9 (/opt/ros/foxy/share/ament_cmake/cmake)
[0.034s] -- Using PYTHON_EXECUTABLE: /home/manzur2/miniconda3/bin/python3
[0.171s] -- Found ament_lint_auto: 0.9.6 (/opt/ros/foxy/share/ament_lint_auto/cmake)
[0.215s] -- Added test 'copyright' to check source files copyright and LICENSE
[0.221s] -- Added test 'cppcheck' to perform static code analysis on C / C++ code
[0.221s] -- Configured cppcheck include dirs: 
[0.222s] -- Configured cppcheck exclude dirs and/or files: 
[0.228s] -- Added test 'cpplint' to check C / C++ code against the Google style
[0.228s] -- Configured cpplint exclude dirs and/or files: 
[0.229s] -- Added test 'flake8' to check Python code syntax and style conventions
[0.231s] -- Added test 'lint_cmake' to check CMake code style
[0.232s] -- Added test 'pep257' to check Python code against some of the style conventions in PEP 257
[0.243s] -- Added test 'uncrustify' to check C / C++ code style
[0.243s] -- Configured uncrustify additional arguments: 
[0.246s] -- Added test 'xmllint' to check XML markup files
[0.247s] -- Configuring done
[0.250s] -- Generating done
[0.252s] -- Build files have been written to: /home/manzur2/ros2_ws/src/ros2_diff_drive_robot_description/build/ros2_diff_drive_robot_description
[0.281s] Invoked command in '/home/manzur2/ros2_ws/src/ros2_diff_drive_robot_description/build/ros2_diff_drive_robot_description' returned '0': CMAKE_PREFIX_PATH=/home/manzur2/ros2_ws/src/ros2_diff_drive_robot_description/install/ros2_diff_drive_robot_description:/opt/ros/foxy:/opt/ros/noetic CONDA_PROMPT_MODIFIER=(base) /usr/bin/cmake --build /home/manzur2/ros2_ws/src/ros2_diff_drive_robot_description/build/ros2_diff_drive_robot_description -- -j16 -l16
[0.335s] Invoking command in '/home/manzur2/ros2_ws/src/ros2_diff_drive_robot_description/build/ros2_diff_drive_robot_description': CMAKE_PREFIX_PATH=/home/manzur2/ros2_ws/src/ros2_diff_drive_robot_description/install/ros2_diff_drive_robot_description:/opt/ros/foxy:/opt/ros/noetic CONDA_PROMPT_MODIFIER=(base) /usr/bin/cmake --install /home/manzur2/ros2_ws/src/ros2_diff_drive_robot_description/build/ros2_diff_drive_robot_description
[0.347s] -- Install configuration: ""
[0.347s] -- Up-to-date: /home/manzur2/ros2_ws/src/ros2_diff_drive_robot_description/install/ros2_diff_drive_robot_description/share/ros2_diff_drive_robot_description/src
[0.347s] -- Up-to-date: /home/manzur2/ros2_ws/src/ros2_diff_drive_robot_description/install/ros2_diff_drive_robot_description/share/ros2_diff_drive_robot_description/src/description
[0.347s] -- Installing: /home/manzur2/ros2_ws/src/ros2_diff_drive_robot_description/install/ros2_diff_drive_robot_description/share/ros2_diff_drive_robot_description/src/description/ros2_diff_drive_robot_description.urdf
[0.348s] -- Up-to-date: /home/manzur2/ros2_ws/src/ros2_diff_drive_robot_description/install/ros2_diff_drive_robot_description/share/ros2_diff_drive_robot_description/launch
[0.348s] -- Installing: /home/manzur2/ros2_ws/src/ros2_diff_drive_robot_description/install/ros2_diff_drive_robot_description/share/ros2_diff_drive_robot_description/launch/display.launch.py
[0.348s] -- Up-to-date: /home/manzur2/ros2_ws/src/ros2_diff_drive_robot_description/install/ros2_diff_drive_robot_description/share/ros2_diff_drive_robot_description/rviz
[0.348s] -- Up-to-date: /home/manzur2/ros2_ws/src/ros2_diff_drive_robot_description/install/ros2_diff_drive_robot_description/share/ros2_diff_drive_robot_description/rviz/urdf_config.rviz
[0.348s] -- Up-to-date: /home/manzur2/ros2_ws/src/ros2_diff_drive_robot_description/install/ros2_diff_drive_robot_description/share/ros2_diff_drive_robot_description/config
[0.349s] -- Up-to-date: /home/manzur2/ros2_ws/src/ros2_diff_drive_robot_description/install/ros2_diff_drive_robot_description/share/ros2_diff_drive_robot_description/config/ekf.yaml
[0.349s] -- Installing: /home/manzur2/ros2_ws/src/ros2_diff_drive_robot_description/install/ros2_diff_drive_robot_description/share/ros2_diff_drive_robot_description/world
[0.349s] -- Installing: /home/manzur2/ros2_ws/src/ros2_diff_drive_robot_description/install/ros2_diff_drive_robot_description/share/ros2_diff_drive_robot_description/world/my_world.sdf
[0.349s] -- Up-to-date: /home/manzur2/ros2_ws/src/ros2_diff_drive_robot_description/install/ros2_diff_drive_robot_description/share/ament_index/resource_index/package_run_dependencies/ros2_diff_drive_robot_description
[0.349s] -- Up-to-date: /home/manzur2/ros2_ws/src/ros2_diff_drive_robot_description/install/ros2_diff_drive_robot_description/share/ament_index/resource_index/parent_prefix_path/ros2_diff_drive_robot_description
[0.349s] -- Up-to-date: /home/manzur2/ros2_ws/src/ros2_diff_drive_robot_description/install/ros2_diff_drive_robot_description/share/ros2_diff_drive_robot_description/environment/ament_prefix_path.sh
[0.349s] -- Installing: /home/manzur2/ros2_ws/src/ros2_diff_drive_robot_description/install/ros2_diff_drive_robot_description/share/ros2_diff_drive_robot_description/environment/ament_prefix_path.dsv
[0.349s] -- Up-to-date: /home/manzur2/ros2_ws/src/ros2_diff_drive_robot_description/install/ros2_diff_drive_robot_description/share/ros2_diff_drive_robot_description/environment/path.sh
[0.350s] -- Installing: /home/manzur2/ros2_ws/src/ros2_diff_drive_robot_description/install/ros2_diff_drive_robot_description/share/ros2_diff_drive_robot_description/environment/path.dsv
[0.350s] -- Up-to-date: /home/manzur2/ros2_ws/src/ros2_diff_drive_robot_description/install/ros2_diff_drive_robot_description/share/ros2_diff_drive_robot_description/local_setup.bash
[0.350s] -- Up-to-date: /home/manzur2/ros2_ws/src/ros2_diff_drive_robot_description/install/ros2_diff_drive_robot_description/share/ros2_diff_drive_robot_description/local_setup.sh
[0.350s] -- Up-to-date: /home/manzur2/ros2_ws/src/ros2_diff_drive_robot_description/install/ros2_diff_drive_robot_description/share/ros2_diff_drive_robot_description/local_setup.zsh
[0.350s] -- Installing: /home/manzur2/ros2_ws/src/ros2_diff_drive_robot_description/install/ros2_diff_drive_robot_description/share/ros2_diff_drive_robot_description/local_setup.dsv
[0.350s] -- Installing: /home/manzur2/ros2_ws/src/ros2_diff_drive_robot_description/install/ros2_diff_drive_robot_description/share/ros2_diff_drive_robot_description/package.dsv
[0.350s] -- Up-to-date: /home/manzur2/ros2_ws/src/ros2_diff_drive_robot_description/install/ros2_diff_drive_robot_description/share/ament_index/resource_index/packages/ros2_diff_drive_robot_description
[0.350s] -- Up-to-date: /home/manzur2/ros2_ws/src/ros2_diff_drive_robot_description/install/ros2_diff_drive_robot_description/share/ros2_diff_drive_robot_description/cmake/ros2_diff_drive_robot_descriptionConfig.cmake
[0.350s] -- Up-to-date: /home/manzur2/ros2_ws/src/ros2_diff_drive_robot_description/install/ros2_diff_drive_robot_description/share/ros2_diff_drive_robot_description/cmake/ros2_diff_drive_robot_descriptionConfig-version.cmake
[0.350s] -- Up-to-date: /home/manzur2/ros2_ws/src/ros2_diff_drive_robot_description/install/ros2_diff_drive_robot_description/share/ros2_diff_drive_robot_description/package.xml
[0.352s] Invoked command in '/home/manzur2/ros2_ws/src/ros2_diff_drive_robot_description/build/ros2_diff_drive_robot_description' returned '0': CMAKE_PREFIX_PATH=/home/manzur2/ros2_ws/src/ros2_diff_drive_robot_description/install/ros2_diff_drive_robot_description:/opt/ros/foxy:/opt/ros/noetic CONDA_PROMPT_MODIFIER=(base) /usr/bin/cmake --install /home/manzur2/ros2_ws/src/ros2_diff_drive_robot_description/build/ros2_diff_drive_robot_description
