[0.011s] Invoking command in '/home/manzur2/ros2_ws/src/ros2_diff_drive_robot_description/build/ros2_diff_drive_robot_description': CMAKE_PREFIX_PATH=/home/manzur2/ros2_ws/src/ros2_diff_drive_robot_description/install/ros2_diff_drive_robot_description:/opt/ros/foxy:/opt/ros/noetic CONDA_PROMPT_MODIFIER=(base) /usr/bin/cmake --build /home/manzur2/ros2_ws/src/ros2_diff_drive_robot_description/build/ros2_diff_drive_robot_description -- -j16 -l16
[0.034s] Invoked command in '/home/manzur2/ros2_ws/src/ros2_diff_drive_robot_description/build/ros2_diff_drive_robot_description' returned '0': CMAKE_PREFIX_PATH=/home/manzur2/ros2_ws/src/ros2_diff_drive_robot_description/install/ros2_diff_drive_robot_description:/opt/ros/foxy:/opt/ros/noetic CONDA_PROMPT_MODIFIER=(base) /usr/bin/cmake --build /home/manzur2/ros2_ws/src/ros2_diff_drive_robot_description/build/ros2_diff_drive_robot_description -- -j16 -l16
[0.077s] Invoking command in '/home/manzur2/ros2_ws/src/ros2_diff_drive_robot_description/build/ros2_diff_drive_robot_description': CMAKE_PREFIX_PATH=/home/manzur2/ros2_ws/src/ros2_diff_drive_robot_description/install/ros2_diff_drive_robot_description:/opt/ros/foxy:/opt/ros/noetic CONDA_PROMPT_MODIFIER=(base) /usr/bin/cmake --install /home/manzur2/ros2_ws/src/ros2_diff_drive_robot_description/build/ros2_diff_drive_robot_description
[0.090s] -- Install configuration: ""
[0.090s] -- Up-to-date: /home/manzur2/ros2_ws/src/ros2_diff_drive_robot_description/install/ros2_diff_drive_robot_description/share/ros2_diff_drive_robot_description/src
[0.090s] -- Up-to-date: /home/manzur2/ros2_ws/src/ros2_diff_drive_robot_description/install/ros2_diff_drive_robot_description/share/ros2_diff_drive_robot_description/src/description
[0.091s] -- Installing: /home/manzur2/ros2_ws/src/ros2_diff_drive_robot_description/install/ros2_diff_drive_robot_description/share/ros2_diff_drive_robot_description/src/description/ros2_diff_drive_robot_description.urdf
[0.091s] -- Up-to-date: /home/manzur2/ros2_ws/src/ros2_diff_drive_robot_description/install/ros2_diff_drive_robot_description/share/ros2_diff_drive_robot_description/launch
[0.091s] -- Up-to-date: /home/manzur2/ros2_ws/src/ros2_diff_drive_robot_description/install/ros2_diff_drive_robot_description/share/ros2_diff_drive_robot_description/launch/display.launch.py
[0.092s] -- Up-to-date: /home/manzur2/ros2_ws/src/ros2_diff_drive_robot_description/install/ros2_diff_drive_robot_description/share/ros2_diff_drive_robot_description/rviz
[0.092s] -- Up-to-date: /home/manzur2/ros2_ws/src/ros2_diff_drive_robot_description/install/ros2_diff_drive_robot_description/share/ros2_diff_drive_robot_description/rviz/urdf_config.rviz
[0.092s] -- Up-to-date: /home/manzur2/ros2_ws/src/ros2_diff_drive_robot_description/install/ros2_diff_drive_robot_description/share/ros2_diff_drive_robot_description/config
[0.092s] -- Up-to-date: /home/manzur2/ros2_ws/src/ros2_diff_drive_robot_description/install/ros2_diff_drive_robot_description/share/ros2_diff_drive_robot_description/config/ekf.yaml
[0.092s] -- Up-to-date: /home/manzur2/ros2_ws/src/ros2_diff_drive_robot_description/install/ros2_diff_drive_robot_description/share/ros2_diff_drive_robot_description/world
[0.092s] -- Up-to-date: /home/manzur2/ros2_ws/src/ros2_diff_drive_robot_description/install/ros2_diff_drive_robot_description/share/ros2_diff_drive_robot_description/world/my_world.sdf
[0.092s] -- Up-to-date: /home/manzur2/ros2_ws/src/ros2_diff_drive_robot_description/install/ros2_diff_drive_robot_description/share/ament_index/resource_index/package_run_dependencies/ros2_diff_drive_robot_description
[0.092s] -- Up-to-date: /home/manzur2/ros2_ws/src/ros2_diff_drive_robot_description/install/ros2_diff_drive_robot_description/share/ament_index/resource_index/parent_prefix_path/ros2_diff_drive_robot_description
[0.092s] -- Up-to-date: /home/manzur2/ros2_ws/src/ros2_diff_drive_robot_description/install/ros2_diff_drive_robot_description/share/ros2_diff_drive_robot_description/environment/ament_prefix_path.sh
[0.092s] -- Up-to-date: /home/manzur2/ros2_ws/src/ros2_diff_drive_robot_description/install/ros2_diff_drive_robot_description/share/ros2_diff_drive_robot_description/environment/ament_prefix_path.dsv
[0.093s] -- Up-to-date: /home/manzur2/ros2_ws/src/ros2_diff_drive_robot_description/install/ros2_diff_drive_robot_description/share/ros2_diff_drive_robot_description/environment/path.sh
[0.093s] -- Up-to-date: /home/manzur2/ros2_ws/src/ros2_diff_drive_robot_description/install/ros2_diff_drive_robot_description/share/ros2_diff_drive_robot_description/environment/path.dsv
[0.093s] -- Up-to-date: /home/manzur2/ros2_ws/src/ros2_diff_drive_robot_description/install/ros2_diff_drive_robot_description/share/ros2_diff_drive_robot_description/local_setup.bash
[0.093s] -- Up-to-date: /home/manzur2/ros2_ws/src/ros2_diff_drive_robot_description/install/ros2_diff_drive_robot_description/share/ros2_diff_drive_robot_description/local_setup.sh
[0.093s] -- Up-to-date: /home/manzur2/ros2_ws/src/ros2_diff_drive_robot_description/install/ros2_diff_drive_robot_description/share/ros2_diff_drive_robot_description/local_setup.zsh
[0.093s] -- Up-to-date: /home/manzur2/ros2_ws/src/ros2_diff_drive_robot_description/install/ros2_diff_drive_robot_description/share/ros2_diff_drive_robot_description/local_setup.dsv
[0.094s] -- Installing: /home/manzur2/ros2_ws/src/ros2_diff_drive_robot_description/install/ros2_diff_drive_robot_description/share/ros2_diff_drive_robot_description/package.dsv
[0.094s] -- Up-to-date: /home/manzur2/ros2_ws/src/ros2_diff_drive_robot_description/install/ros2_diff_drive_robot_description/share/ament_index/resource_index/packages/ros2_diff_drive_robot_description
[0.095s] -- Up-to-date: /home/manzur2/ros2_ws/src/ros2_diff_drive_robot_description/install/ros2_diff_drive_robot_description/share/ros2_diff_drive_robot_description/cmake/ros2_diff_drive_robot_descriptionConfig.cmake
[0.095s] -- Up-to-date: /home/manzur2/ros2_ws/src/ros2_diff_drive_robot_description/install/ros2_diff_drive_robot_description/share/ros2_diff_drive_robot_description/cmake/ros2_diff_drive_robot_descriptionConfig-version.cmake
[0.096s] -- Up-to-date: /home/manzur2/ros2_ws/src/ros2_diff_drive_robot_description/install/ros2_diff_drive_robot_description/share/ros2_diff_drive_robot_description/package.xml
[0.096s] Invoked command in '/home/manzur2/ros2_ws/src/ros2_diff_drive_robot_description/build/ros2_diff_drive_robot_description' returned '0': CMAKE_PREFIX_PATH=/home/manzur2/ros2_ws/src/ros2_diff_drive_robot_description/install/ros2_diff_drive_robot_description:/opt/ros/foxy:/opt/ros/noetic CONDA_PROMPT_MODIFIER=(base) /usr/bin/cmake --install /home/manzur2/ros2_ws/src/ros2_diff_drive_robot_description/build/ros2_diff_drive_robot_description
