[0.083s] DEBUG:colcon:Command line arguments: ['/usr/bin/colcon', 'build']
[0.083s] DEBUG:colcon:Parsed command line arguments: Namespace(allow_overriding=[], ament_cmake_args=None, base_paths=['.'], build_base='build', catkin_cmake_args=None, catkin_skip_building_tests=False, cmake_args=None, cmake_clean_cache=False, cmake_clean_first=False, cmake_force_configure=False, cmake_target=None, cmake_target_skip_unavailable=False, continue_on_error=False, event_handlers=None, executor='parallel', ignore_user_meta=False, install_base='install', log_base=None, log_level=None, main=<bound method BuildVerb.main of <colcon_core.verb.build.BuildVerb object at 0x7fc61cf09610>>, merge_install=False, metas=['./colcon.meta'], packages_above=None, packages_above_and_dependencies=None, packages_above_depth=None, packages_end=None, packages_ignore=None, packages_ignore_regex=None, packages_select=None, packages_select_build_failed=False, packages_select_by_dep=None, packages_select_regex=None, packages_select_test_failures=False, packages_skip=None, packages_skip_build_finished=False, packages_skip_by_dep=None, packages_skip_regex=None, packages_skip_test_passed=False, packages_skip_up_to=None, packages_start=None, packages_up_to=None, packages_up_to_regex=None, parallel_workers=16, paths=None, symlink_install=False, test_result_base=None, verb_extension=<colcon_core.verb.build.BuildVerb object at 0x7fc61cf09610>, verb_name='build', verb_parser=<colcon_defaults.argument_parser.defaults.DefaultArgumentsDecorator object at 0x7fc61cf09b50>)
[0.098s] Level 1:colcon.colcon_core.package_discovery:discover_packages(colcon_meta) check parameters
[0.098s] Level 1:colcon.colcon_core.package_discovery:discover_packages(recursive) check parameters
[0.098s] Level 1:colcon.colcon_core.package_discovery:discover_packages(ignore) check parameters
[0.098s] Level 1:colcon.colcon_core.package_discovery:discover_packages(path) check parameters
[0.098s] Level 1:colcon.colcon_core.package_discovery:discover_packages(colcon_meta) discover
[0.098s] Level 1:colcon.colcon_core.package_discovery:discover_packages(recursive) discover
[0.098s] INFO:colcon.colcon_core.package_discovery:Crawling recursively for packages in '/home/manzur2/ros2_ws/src/ros2_diff_drive_robot_description'
[0.098s] Level 1:colcon.colcon_core.package_identification:_identify(.) by extensions ['ignore', 'ignore_ament_install']
[0.098s] Level 1:colcon.colcon_core.package_identification:_identify(.) by extension 'ignore'
[0.098s] Level 1:colcon.colcon_core.package_identification:_identify(.) by extension 'ignore_ament_install'
[0.098s] Level 1:colcon.colcon_core.package_identification:_identify(.) by extensions ['colcon_pkg']
[0.098s] Level 1:colcon.colcon_core.package_identification:_identify(.) by extension 'colcon_pkg'
[0.098s] Level 1:colcon.colcon_core.package_identification:_identify(.) by extensions ['colcon_meta']
[0.098s] Level 1:colcon.colcon_core.package_identification:_identify(.) by extension 'colcon_meta'
[0.098s] Level 1:colcon.colcon_core.package_identification:_identify(.) by extensions ['ros']
[0.098s] Level 1:colcon.colcon_core.package_identification:_identify(.) by extension 'ros'
[0.106s] DEBUG:colcon.colcon_core.package_identification:Package '.' with type 'ros.ament_cmake' and name 'ros2_diff_drive_robot_description'
[0.106s] Level 1:colcon.colcon_core.package_discovery:discover_packages(recursive) using defaults
[0.106s] Level 1:colcon.colcon_core.package_discovery:discover_packages(ignore) discover
[0.106s] Level 1:colcon.colcon_core.package_discovery:discover_packages(ignore) using defaults
[0.106s] Level 1:colcon.colcon_core.package_discovery:discover_packages(path) discover
[0.106s] Level 1:colcon.colcon_core.package_discovery:discover_packages(path) using defaults
[0.122s] Level 1:colcon.colcon_core.package_discovery:discover_packages(prefix_path) check parameters
[0.122s] Level 1:colcon.colcon_core.package_discovery:discover_packages(prefix_path) discover
[0.124s] DEBUG:colcon.colcon_installed_package_information.package_discovery:Found 1 installed packages in /home/manzur2/ros2_ws/src/ros2_diff_drive_robot_description/install
[0.125s] DEBUG:colcon.colcon_installed_package_information.package_discovery:Found 269 installed packages in /opt/ros/foxy
[0.126s] Level 1:colcon.colcon_core.package_discovery:discover_packages(prefix_path) using defaults
[0.164s] Level 5:colcon.colcon_core.verb:set package 'ros2_diff_drive_robot_description' build argument 'cmake_args' from command line to 'None'
[0.164s] Level 5:colcon.colcon_core.verb:set package 'ros2_diff_drive_robot_description' build argument 'cmake_target' from command line to 'None'
[0.164s] Level 5:colcon.colcon_core.verb:set package 'ros2_diff_drive_robot_description' build argument 'cmake_target_skip_unavailable' from command line to 'False'
[0.164s] Level 5:colcon.colcon_core.verb:set package 'ros2_diff_drive_robot_description' build argument 'cmake_clean_cache' from command line to 'False'
[0.164s] Level 5:colcon.colcon_core.verb:set package 'ros2_diff_drive_robot_description' build argument 'cmake_clean_first' from command line to 'False'
[0.164s] Level 5:colcon.colcon_core.verb:set package 'ros2_diff_drive_robot_description' build argument 'cmake_force_configure' from command line to 'False'
[0.164s] Level 5:colcon.colcon_core.verb:set package 'ros2_diff_drive_robot_description' build argument 'ament_cmake_args' from command line to 'None'
[0.164s] Level 5:colcon.colcon_core.verb:set package 'ros2_diff_drive_robot_description' build argument 'catkin_cmake_args' from command line to 'None'
[0.164s] Level 5:colcon.colcon_core.verb:set package 'ros2_diff_drive_robot_description' build argument 'catkin_skip_building_tests' from command line to 'False'
[0.164s] DEBUG:colcon.colcon_core.verb:Building package 'ros2_diff_drive_robot_description' with the following arguments: {'ament_cmake_args': None, 'build_base': '/home/manzur2/ros2_ws/src/ros2_diff_drive_robot_description/build/ros2_diff_drive_robot_description', 'catkin_cmake_args': None, 'catkin_skip_building_tests': False, 'cmake_args': None, 'cmake_clean_cache': False, 'cmake_clean_first': False, 'cmake_force_configure': False, 'cmake_target': None, 'cmake_target_skip_unavailable': False, 'install_base': '/home/manzur2/ros2_ws/src/ros2_diff_drive_robot_description/install/ros2_diff_drive_robot_description', 'merge_install': False, 'path': '/home/manzur2/ros2_ws/src/ros2_diff_drive_robot_description', 'symlink_install': False, 'test_result_base': None}
[0.164s] INFO:colcon.colcon_core.executor:Executing jobs using 'parallel' executor
[0.167s] DEBUG:colcon.colcon_parallel_executor.executor.parallel:run_until_complete
[0.167s] INFO:colcon.colcon_ros.task.ament_cmake.build:Building ROS package in '/home/manzur2/ros2_ws/src/ros2_diff_drive_robot_description' with build type 'ament_cmake'
[0.167s] INFO:colcon.colcon_cmake.task.cmake.build:Building CMake package in '/home/manzur2/ros2_ws/src/ros2_diff_drive_robot_description'
[0.169s] INFO:colcon.colcon_core.plugin_system:Skipping extension 'colcon_core.shell.bat': Not used on non-Windows systems
[0.169s] INFO:colcon.colcon_core.shell:Skip shell extension 'powershell' for command environment: Not usable outside of PowerShell
[0.169s] DEBUG:colcon.colcon_core.shell:Skip shell extension 'dsv' for command environment
[0.171s] DEBUG:colcon.colcon_core.shell:Ignoring prefix path '/opt/ros/noetic'
[0.177s] DEBUG:colcon.colcon_core.event_handler.log_command:Invoking command in '/home/manzur2/ros2_ws/src/ros2_diff_drive_robot_description/build/ros2_diff_drive_robot_description': CMAKE_PREFIX_PATH=/home/manzur2/ros2_ws/src/ros2_diff_drive_robot_description/install/ros2_diff_drive_robot_description:/opt/ros/foxy:/opt/ros/noetic CONDA_PROMPT_MODIFIER=(base) /usr/bin/cmake --build /home/manzur2/ros2_ws/src/ros2_diff_drive_robot_description/build/ros2_diff_drive_robot_description -- -j16 -l16
[0.443s] DEBUG:colcon.colcon_core.event_handler.log_command:Invoked command in '/home/manzur2/ros2_ws/src/ros2_diff_drive_robot_description/build/ros2_diff_drive_robot_description' returned '0': CMAKE_PREFIX_PATH=/home/manzur2/ros2_ws/src/ros2_diff_drive_robot_description/install/ros2_diff_drive_robot_description:/opt/ros/foxy:/opt/ros/noetic CONDA_PROMPT_MODIFIER=(base) /usr/bin/cmake --build /home/manzur2/ros2_ws/src/ros2_diff_drive_robot_description/build/ros2_diff_drive_robot_description -- -j16 -l16
[0.501s] DEBUG:colcon.colcon_core.event_handler.log_command:Invoking command in '/home/manzur2/ros2_ws/src/ros2_diff_drive_robot_description/build/ros2_diff_drive_robot_description': CMAKE_PREFIX_PATH=/home/manzur2/ros2_ws/src/ros2_diff_drive_robot_description/install/ros2_diff_drive_robot_description:/opt/ros/foxy:/opt/ros/noetic CONDA_PROMPT_MODIFIER=(base) /usr/bin/cmake --install /home/manzur2/ros2_ws/src/ros2_diff_drive_robot_description/build/ros2_diff_drive_robot_description
[0.519s] Level 1:colcon.colcon_core.environment:create_environment_scripts_only(ros2_diff_drive_robot_description)
[0.519s] DEBUG:colcon.colcon_core.event_handler.log_command:Invoked command in '/home/manzur2/ros2_ws/src/ros2_diff_drive_robot_description/build/ros2_diff_drive_robot_description' returned '0': CMAKE_PREFIX_PATH=/home/manzur2/ros2_ws/src/ros2_diff_drive_robot_description/install/ros2_diff_drive_robot_description:/opt/ros/foxy:/opt/ros/noetic CONDA_PROMPT_MODIFIER=(base) /usr/bin/cmake --install /home/manzur2/ros2_ws/src/ros2_diff_drive_robot_description/build/ros2_diff_drive_robot_description
[0.522s] Level 1:colcon.colcon_core.environment:checking '/home/manzur2/ros2_ws/src/ros2_diff_drive_robot_description/install/ros2_diff_drive_robot_description' for CMake module files
[0.522s] Level 1:colcon.colcon_core.environment:checking '/home/manzur2/ros2_ws/src/ros2_diff_drive_robot_description/install/ros2_diff_drive_robot_description' for CMake config files
[0.522s] Level 1:colcon.colcon_core.shell:create_environment_hook('ros2_diff_drive_robot_description', 'cmake_prefix_path')
[0.523s] INFO:colcon.colcon_core.shell:Creating environment hook '/home/manzur2/ros2_ws/src/ros2_diff_drive_robot_description/install/ros2_diff_drive_robot_description/share/ros2_diff_drive_robot_description/hook/cmake_prefix_path.ps1'
[0.524s] INFO:colcon.colcon_core.shell:Creating environment descriptor '/home/manzur2/ros2_ws/src/ros2_diff_drive_robot_description/install/ros2_diff_drive_robot_description/share/ros2_diff_drive_robot_description/hook/cmake_prefix_path.dsv'
[0.524s] INFO:colcon.colcon_core.shell:Creating environment hook '/home/manzur2/ros2_ws/src/ros2_diff_drive_robot_description/install/ros2_diff_drive_robot_description/share/ros2_diff_drive_robot_description/hook/cmake_prefix_path.sh'
[0.524s] Level 1:colcon.colcon_core.environment:checking '/home/manzur2/ros2_ws/src/ros2_diff_drive_robot_description/install/ros2_diff_drive_robot_description/bin'
[0.524s] Level 1:colcon.colcon_core.environment:checking '/home/manzur2/ros2_ws/src/ros2_diff_drive_robot_description/install/ros2_diff_drive_robot_description/lib/pkgconfig/ros2_diff_drive_robot_description.pc'
[0.524s] Level 1:colcon.colcon_core.environment:checking '/home/manzur2/ros2_ws/src/ros2_diff_drive_robot_description/install/ros2_diff_drive_robot_description/lib/python3.8/site-packages'
[0.525s] Level 1:colcon.colcon_core.environment:checking '/home/manzur2/ros2_ws/src/ros2_diff_drive_robot_description/install/ros2_diff_drive_robot_description/bin'
[0.525s] INFO:colcon.colcon_core.shell:Creating package script '/home/manzur2/ros2_ws/src/ros2_diff_drive_robot_description/install/ros2_diff_drive_robot_description/share/ros2_diff_drive_robot_description/package.ps1'
[0.526s] INFO:colcon.colcon_core.shell:Creating package descriptor '/home/manzur2/ros2_ws/src/ros2_diff_drive_robot_description/install/ros2_diff_drive_robot_description/share/ros2_diff_drive_robot_description/package.dsv'
[0.526s] INFO:colcon.colcon_core.shell:Creating package script '/home/manzur2/ros2_ws/src/ros2_diff_drive_robot_description/install/ros2_diff_drive_robot_description/share/ros2_diff_drive_robot_description/package.sh'
[0.526s] INFO:colcon.colcon_core.shell:Creating package script '/home/manzur2/ros2_ws/src/ros2_diff_drive_robot_description/install/ros2_diff_drive_robot_description/share/ros2_diff_drive_robot_description/package.bash'
[0.527s] INFO:colcon.colcon_core.shell:Creating package script '/home/manzur2/ros2_ws/src/ros2_diff_drive_robot_description/install/ros2_diff_drive_robot_description/share/ros2_diff_drive_robot_description/package.zsh'
[0.527s] Level 1:colcon.colcon_core.environment:create_file_with_runtime_dependencies(/home/manzur2/ros2_ws/src/ros2_diff_drive_robot_description/install/ros2_diff_drive_robot_description/share/colcon-core/packages/ros2_diff_drive_robot_description)
[0.564s] Level 1:colcon.colcon_core.environment:create_environment_scripts_only(ros2_diff_drive_robot_description)
[0.567s] Level 1:colcon.colcon_core.environment:checking '/home/manzur2/ros2_ws/src/ros2_diff_drive_robot_description/install/ros2_diff_drive_robot_description' for CMake module files
[0.569s] Level 1:colcon.colcon_core.environment:checking '/home/manzur2/ros2_ws/src/ros2_diff_drive_robot_description/install/ros2_diff_drive_robot_description' for CMake config files
[0.569s] Level 1:colcon.colcon_core.shell:create_environment_hook('ros2_diff_drive_robot_description', 'cmake_prefix_path')
[0.571s] INFO:colcon.colcon_core.shell:Creating environment hook '/home/manzur2/ros2_ws/src/ros2_diff_drive_robot_description/install/ros2_diff_drive_robot_description/share/ros2_diff_drive_robot_description/hook/cmake_prefix_path.ps1'
[0.572s] INFO:colcon.colcon_core.shell:Creating environment descriptor '/home/manzur2/ros2_ws/src/ros2_diff_drive_robot_description/install/ros2_diff_drive_robot_description/share/ros2_diff_drive_robot_description/hook/cmake_prefix_path.dsv'
[0.572s] INFO:colcon.colcon_core.shell:Creating environment hook '/home/manzur2/ros2_ws/src/ros2_diff_drive_robot_description/install/ros2_diff_drive_robot_description/share/ros2_diff_drive_robot_description/hook/cmake_prefix_path.sh'
[0.573s] Level 1:colcon.colcon_core.environment:checking '/home/manzur2/ros2_ws/src/ros2_diff_drive_robot_description/install/ros2_diff_drive_robot_description/bin'
[0.573s] Level 1:colcon.colcon_core.environment:checking '/home/manzur2/ros2_ws/src/ros2_diff_drive_robot_description/install/ros2_diff_drive_robot_description/lib/pkgconfig/ros2_diff_drive_robot_description.pc'
[0.574s] Level 1:colcon.colcon_core.environment:checking '/home/manzur2/ros2_ws/src/ros2_diff_drive_robot_description/install/ros2_diff_drive_robot_description/lib/python3.8/site-packages'
[0.574s] Level 1:colcon.colcon_core.environment:checking '/home/manzur2/ros2_ws/src/ros2_diff_drive_robot_description/install/ros2_diff_drive_robot_description/bin'
[0.576s] INFO:colcon.colcon_core.shell:Creating package script '/home/manzur2/ros2_ws/src/ros2_diff_drive_robot_description/install/ros2_diff_drive_robot_description/share/ros2_diff_drive_robot_description/package.ps1'
[0.577s] INFO:colcon.colcon_core.shell:Creating package descriptor '/home/manzur2/ros2_ws/src/ros2_diff_drive_robot_description/install/ros2_diff_drive_robot_description/share/ros2_diff_drive_robot_description/package.dsv'
[0.578s] INFO:colcon.colcon_core.shell:Creating package script '/home/manzur2/ros2_ws/src/ros2_diff_drive_robot_description/install/ros2_diff_drive_robot_description/share/ros2_diff_drive_robot_description/package.sh'
[0.579s] INFO:colcon.colcon_core.shell:Creating package script '/home/manzur2/ros2_ws/src/ros2_diff_drive_robot_description/install/ros2_diff_drive_robot_description/share/ros2_diff_drive_robot_description/package.bash'
[0.579s] INFO:colcon.colcon_core.shell:Creating package script '/home/manzur2/ros2_ws/src/ros2_diff_drive_robot_description/install/ros2_diff_drive_robot_description/share/ros2_diff_drive_robot_description/package.zsh'
[0.580s] Level 1:colcon.colcon_core.environment:create_file_with_runtime_dependencies(/home/manzur2/ros2_ws/src/ros2_diff_drive_robot_description/install/ros2_diff_drive_robot_description/share/colcon-core/packages/ros2_diff_drive_robot_description)
[0.580s] DEBUG:colcon.colcon_parallel_executor.executor.parallel:closing loop
[0.581s] DEBUG:colcon.colcon_parallel_executor.executor.parallel:loop closed
[0.581s] DEBUG:colcon.colcon_parallel_executor.executor.parallel:run_until_complete finished with '0'
[0.581s] DEBUG:colcon.colcon_core.event_reactor:joining thread
[0.591s] INFO:colcon.colcon_core.plugin_system:Skipping extension 'colcon_notification.desktop_notification.terminal_notifier': Not used on non-Darwin systems
[0.591s] INFO:colcon.colcon_core.plugin_system:Skipping extension 'colcon_notification.desktop_notification.win32': Not used on non-Windows systems
[0.591s] INFO:colcon.colcon_notification.desktop_notification:Sending desktop notification using 'notify2'
[0.619s] DEBUG:colcon.colcon_core.event_reactor:joined thread
[0.622s] INFO:colcon.colcon_core.shell:Creating prefix script '/home/manzur2/ros2_ws/src/ros2_diff_drive_robot_description/install/local_setup.ps1'
[0.624s] INFO:colcon.colcon_core.shell:Creating prefix util module '/home/manzur2/ros2_ws/src/ros2_diff_drive_robot_description/install/_local_setup_util_ps1.py'
[0.626s] INFO:colcon.colcon_core.shell:Creating prefix chain script '/home/manzur2/ros2_ws/src/ros2_diff_drive_robot_description/install/setup.ps1'
[0.628s] INFO:colcon.colcon_core.shell:Creating prefix script '/home/manzur2/ros2_ws/src/ros2_diff_drive_robot_description/install/local_setup.sh'
[0.629s] INFO:colcon.colcon_core.shell:Creating prefix util module '/home/manzur2/ros2_ws/src/ros2_diff_drive_robot_description/install/_local_setup_util_sh.py'
[0.630s] INFO:colcon.colcon_core.shell:Creating prefix chain script '/home/manzur2/ros2_ws/src/ros2_diff_drive_robot_description/install/setup.sh'
[0.632s] INFO:colcon.colcon_core.shell:Creating prefix script '/home/manzur2/ros2_ws/src/ros2_diff_drive_robot_description/install/local_setup.bash'
[0.633s] INFO:colcon.colcon_core.shell:Creating prefix chain script '/home/manzur2/ros2_ws/src/ros2_diff_drive_robot_description/install/setup.bash'
[0.635s] INFO:colcon.colcon_core.shell:Creating prefix script '/home/manzur2/ros2_ws/src/ros2_diff_drive_robot_description/install/local_setup.zsh'
[0.636s] INFO:colcon.colcon_core.shell:Creating prefix chain script '/home/manzur2/ros2_ws/src/ros2_diff_drive_robot_description/install/setup.zsh'
