[0.083s] DEBUG:colcon:Command line arguments: ['/usr/bin/colcon', 'build']
[0.083s] DEBUG:colcon:Parsed command line arguments: Namespace(allow_overriding=[], ament_cmake_args=None, base_paths=['.'], build_base='build', catkin_cmake_args=None, catkin_skip_building_tests=False, cmake_args=None, cmake_clean_cache=False, cmake_clean_first=False, cmake_force_configure=False, cmake_target=None, cmake_target_skip_unavailable=False, continue_on_error=False, event_handlers=None, executor='parallel', ignore_user_meta=False, install_base='install', log_base=None, log_level=None, main=<bound method BuildVerb.main of <colcon_core.verb.build.BuildVerb object at 0x7f132c20c3d0>>, merge_install=False, metas=['./colcon.meta'], packages_above=None, packages_above_and_dependencies=None, packages_above_depth=None, packages_end=None, packages_ignore=None, packages_ignore_regex=None, packages_select=None, packages_select_build_failed=False, packages_select_by_dep=None, packages_select_regex=None, packages_select_test_failures=False, packages_skip=None, packages_skip_build_finished=False, packages_skip_by_dep=None, packages_skip_regex=None, packages_skip_test_passed=False, packages_skip_up_to=None, packages_start=None, packages_up_to=None, packages_up_to_regex=None, parallel_workers=16, paths=None, symlink_install=False, test_result_base=None, verb_extension=<colcon_core.verb.build.BuildVerb object at 0x7f132c20c3d0>, verb_name='build', verb_parser=<colcon_defaults.argument_parser.defaults.DefaultArgumentsDecorator object at 0x7f132c20c910>)
[0.097s] Level 1:colcon.colcon_core.package_discovery:discover_packages(colcon_meta) check parameters
[0.097s] Level 1:colcon.colcon_core.package_discovery:discover_packages(recursive) check parameters
[0.097s] Level 1:colcon.colcon_core.package_discovery:discover_packages(ignore) check parameters
[0.097s] Level 1:colcon.colcon_core.package_discovery:discover_packages(path) check parameters
[0.097s] Level 1:colcon.colcon_core.package_discovery:discover_packages(colcon_meta) discover
[0.097s] Level 1:colcon.colcon_core.package_discovery:discover_packages(recursive) discover
[0.097s] INFO:colcon.colcon_core.package_discovery:Crawling recursively for packages in '/home/manzur2/ros2_ws/src/ros2_diff_drive_robot_description'
[0.097s] Level 1:colcon.colcon_core.package_identification:_identify(.) by extensions ['ignore', 'ignore_ament_install']
[0.097s] Level 1:colcon.colcon_core.package_identification:_identify(.) by extension 'ignore'
[0.097s] Level 1:colcon.colcon_core.package_identification:_identify(.) by extension 'ignore_ament_install'
[0.097s] Level 1:colcon.colcon_core.package_identification:_identify(.) by extensions ['colcon_pkg']
[0.097s] Level 1:colcon.colcon_core.package_identification:_identify(.) by extension 'colcon_pkg'
[0.097s] Level 1:colcon.colcon_core.package_identification:_identify(.) by extensions ['colcon_meta']
[0.097s] Level 1:colcon.colcon_core.package_identification:_identify(.) by extension 'colcon_meta'
[0.097s] Level 1:colcon.colcon_core.package_identification:_identify(.) by extensions ['ros']
[0.097s] Level 1:colcon.colcon_core.package_identification:_identify(.) by extension 'ros'
[0.105s] DEBUG:colcon.colcon_core.package_identification:Package '.' with type 'ros.ament_cmake' and name 'ros2_diff_drive_robot_description'
[0.105s] Level 1:colcon.colcon_core.package_discovery:discover_packages(recursive) using defaults
[0.105s] Level 1:colcon.colcon_core.package_discovery:discover_packages(ignore) discover
[0.105s] Level 1:colcon.colcon_core.package_discovery:discover_packages(ignore) using defaults
[0.105s] Level 1:colcon.colcon_core.package_discovery:discover_packages(path) discover
[0.105s] Level 1:colcon.colcon_core.package_discovery:discover_packages(path) using defaults
[0.121s] Level 1:colcon.colcon_core.package_discovery:discover_packages(prefix_path) check parameters
[0.121s] Level 1:colcon.colcon_core.package_discovery:discover_packages(prefix_path) discover
[0.123s] DEBUG:colcon.colcon_installed_package_information.package_discovery:Found 1 installed packages in /home/manzur2/ros2_ws/src/ros2_diff_drive_robot_description/install
[0.124s] DEBUG:colcon.colcon_installed_package_information.package_discovery:Found 269 installed packages in /opt/ros/foxy
[0.125s] Level 1:colcon.colcon_core.package_discovery:discover_packages(prefix_path) using defaults
[0.162s] Level 5:colcon.colcon_core.verb:set package 'ros2_diff_drive_robot_description' build argument 'cmake_args' from command line to 'None'
[0.162s] Level 5:colcon.colcon_core.verb:set package 'ros2_diff_drive_robot_description' build argument 'cmake_target' from command line to 'None'
[0.162s] Level 5:colcon.colcon_core.verb:set package 'ros2_diff_drive_robot_description' build argument 'cmake_target_skip_unavailable' from command line to 'False'
[0.162s] Level 5:colcon.colcon_core.verb:set package 'ros2_diff_drive_robot_description' build argument 'cmake_clean_cache' from command line to 'False'
[0.162s] Level 5:colcon.colcon_core.verb:set package 'ros2_diff_drive_robot_description' build argument 'cmake_clean_first' from command line to 'False'
[0.162s] Level 5:colcon.colcon_core.verb:set package 'ros2_diff_drive_robot_description' build argument 'cmake_force_configure' from command line to 'False'
[0.162s] Level 5:colcon.colcon_core.verb:set package 'ros2_diff_drive_robot_description' build argument 'ament_cmake_args' from command line to 'None'
[0.162s] Level 5:colcon.colcon_core.verb:set package 'ros2_diff_drive_robot_description' build argument 'catkin_cmake_args' from command line to 'None'
[0.162s] Level 5:colcon.colcon_core.verb:set package 'ros2_diff_drive_robot_description' build argument 'catkin_skip_building_tests' from command line to 'False'
[0.162s] DEBUG:colcon.colcon_core.verb:Building package 'ros2_diff_drive_robot_description' with the following arguments: {'ament_cmake_args': None, 'build_base': '/home/manzur2/ros2_ws/src/ros2_diff_drive_robot_description/build/ros2_diff_drive_robot_description', 'catkin_cmake_args': None, 'catkin_skip_building_tests': False, 'cmake_args': None, 'cmake_clean_cache': False, 'cmake_clean_first': False, 'cmake_force_configure': False, 'cmake_target': None, 'cmake_target_skip_unavailable': False, 'install_base': '/home/manzur2/ros2_ws/src/ros2_diff_drive_robot_description/install/ros2_diff_drive_robot_description', 'merge_install': False, 'path': '/home/manzur2/ros2_ws/src/ros2_diff_drive_robot_description', 'symlink_install': False, 'test_result_base': None}
[0.163s] INFO:colcon.colcon_core.executor:Executing jobs using 'parallel' executor
[0.165s] DEBUG:colcon.colcon_parallel_executor.executor.parallel:run_until_complete
[0.165s] INFO:colcon.colcon_ros.task.ament_cmake.build:Building ROS package in '/home/manzur2/ros2_ws/src/ros2_diff_drive_robot_description' with build type 'ament_cmake'
[0.165s] INFO:colcon.colcon_cmake.task.cmake.build:Building CMake package in '/home/manzur2/ros2_ws/src/ros2_diff_drive_robot_description'
[0.168s] INFO:colcon.colcon_core.plugin_system:Skipping extension 'colcon_core.shell.bat': Not used on non-Windows systems
[0.168s] INFO:colcon.colcon_core.shell:Skip shell extension 'powershell' for command environment: Not usable outside of PowerShell
[0.168s] DEBUG:colcon.colcon_core.shell:Skip shell extension 'dsv' for command environment
[0.170s] DEBUG:colcon.colcon_core.shell:Ignoring prefix path '/opt/ros/noetic'
[0.176s] DEBUG:colcon.colcon_core.event_handler.log_command:Invoking command in '/home/manzur2/ros2_ws/src/ros2_diff_drive_robot_description/build/ros2_diff_drive_robot_description': CMAKE_PREFIX_PATH=/home/manzur2/ros2_ws/src/ros2_diff_drive_robot_description/install/ros2_diff_drive_robot_description:/opt/ros/foxy:/opt/ros/noetic CONDA_PROMPT_MODIFIER=(base) /usr/bin/cmake --build /home/manzur2/ros2_ws/src/ros2_diff_drive_robot_description/build/ros2_diff_drive_robot_description -- -j16 -l16
[0.197s] DEBUG:colcon.colcon_core.event_handler.log_command:Invoked command in '/home/manzur2/ros2_ws/src/ros2_diff_drive_robot_description/build/ros2_diff_drive_robot_description' returned '0': CMAKE_PREFIX_PATH=/home/manzur2/ros2_ws/src/ros2_diff_drive_robot_description/install/ros2_diff_drive_robot_description:/opt/ros/foxy:/opt/ros/noetic CONDA_PROMPT_MODIFIER=(base) /usr/bin/cmake --build /home/manzur2/ros2_ws/src/ros2_diff_drive_robot_description/build/ros2_diff_drive_robot_description -- -j16 -l16
[0.239s] DEBUG:colcon.colcon_core.event_handler.log_command:Invoking command in '/home/manzur2/ros2_ws/src/ros2_diff_drive_robot_description/build/ros2_diff_drive_robot_description': CMAKE_PREFIX_PATH=/home/manzur2/ros2_ws/src/ros2_diff_drive_robot_description/install/ros2_diff_drive_robot_description:/opt/ros/foxy:/opt/ros/noetic CONDA_PROMPT_MODIFIER=(base) /usr/bin/cmake --install /home/manzur2/ros2_ws/src/ros2_diff_drive_robot_description/build/ros2_diff_drive_robot_description
[0.255s] Level 1:colcon.colcon_core.environment:create_environment_scripts_only(ros2_diff_drive_robot_description)
[0.256s] DEBUG:colcon.colcon_core.event_handler.log_command:Invoked command in '/home/manzur2/ros2_ws/src/ros2_diff_drive_robot_description/build/ros2_diff_drive_robot_description' returned '0': CMAKE_PREFIX_PATH=/home/manzur2/ros2_ws/src/ros2_diff_drive_robot_description/install/ros2_diff_drive_robot_description:/opt/ros/foxy:/opt/ros/noetic CONDA_PROMPT_MODIFIER=(base) /usr/bin/cmake --install /home/manzur2/ros2_ws/src/ros2_diff_drive_robot_description/build/ros2_diff_drive_robot_description
[0.258s] Level 1:colcon.colcon_core.environment:checking '/home/manzur2/ros2_ws/src/ros2_diff_drive_robot_description/install/ros2_diff_drive_robot_description' for CMake module files
[0.258s] Level 1:colcon.colcon_core.environment:checking '/home/manzur2/ros2_ws/src/ros2_diff_drive_robot_description/install/ros2_diff_drive_robot_description' for CMake config files
[0.259s] Level 1:colcon.colcon_core.shell:create_environment_hook('ros2_diff_drive_robot_description', 'cmake_prefix_path')
[0.259s] INFO:colcon.colcon_core.shell:Creating environment hook '/home/manzur2/ros2_ws/src/ros2_diff_drive_robot_description/install/ros2_diff_drive_robot_description/share/ros2_diff_drive_robot_description/hook/cmake_prefix_path.ps1'
[0.260s] INFO:colcon.colcon_core.shell:Creating environment descriptor '/home/manzur2/ros2_ws/src/ros2_diff_drive_robot_description/install/ros2_diff_drive_robot_description/share/ros2_diff_drive_robot_description/hook/cmake_prefix_path.dsv'
[0.260s] INFO:colcon.colcon_core.shell:Creating environment hook '/home/manzur2/ros2_ws/src/ros2_diff_drive_robot_description/install/ros2_diff_drive_robot_description/share/ros2_diff_drive_robot_description/hook/cmake_prefix_path.sh'
[0.261s] Level 1:colcon.colcon_core.environment:checking '/home/manzur2/ros2_ws/src/ros2_diff_drive_robot_description/install/ros2_diff_drive_robot_description/bin'
[0.261s] Level 1:colcon.colcon_core.environment:checking '/home/manzur2/ros2_ws/src/ros2_diff_drive_robot_description/install/ros2_diff_drive_robot_description/lib/pkgconfig/ros2_diff_drive_robot_description.pc'
[0.261s] Level 1:colcon.colcon_core.environment:checking '/home/manzur2/ros2_ws/src/ros2_diff_drive_robot_description/install/ros2_diff_drive_robot_description/lib/python3.8/site-packages'
[0.261s] Level 1:colcon.colcon_core.environment:checking '/home/manzur2/ros2_ws/src/ros2_diff_drive_robot_description/install/ros2_diff_drive_robot_description/bin'
[0.262s] INFO:colcon.colcon_core.shell:Creating package script '/home/manzur2/ros2_ws/src/ros2_diff_drive_robot_description/install/ros2_diff_drive_robot_description/share/ros2_diff_drive_robot_description/package.ps1'
[0.262s] INFO:colcon.colcon_core.shell:Creating package descriptor '/home/manzur2/ros2_ws/src/ros2_diff_drive_robot_description/install/ros2_diff_drive_robot_description/share/ros2_diff_drive_robot_description/package.dsv'
[0.262s] INFO:colcon.colcon_core.shell:Creating package script '/home/manzur2/ros2_ws/src/ros2_diff_drive_robot_description/install/ros2_diff_drive_robot_description/share/ros2_diff_drive_robot_description/package.sh'
[0.263s] INFO:colcon.colcon_core.shell:Creating package script '/home/manzur2/ros2_ws/src/ros2_diff_drive_robot_description/install/ros2_diff_drive_robot_description/share/ros2_diff_drive_robot_description/package.bash'
[0.263s] INFO:colcon.colcon_core.shell:Creating package script '/home/manzur2/ros2_ws/src/ros2_diff_drive_robot_description/install/ros2_diff_drive_robot_description/share/ros2_diff_drive_robot_description/package.zsh'
[0.263s] Level 1:colcon.colcon_core.environment:create_file_with_runtime_dependencies(/home/manzur2/ros2_ws/src/ros2_diff_drive_robot_description/install/ros2_diff_drive_robot_description/share/colcon-core/packages/ros2_diff_drive_robot_description)
[0.301s] Level 1:colcon.colcon_core.environment:create_environment_scripts_only(ros2_diff_drive_robot_description)
[0.305s] Level 1:colcon.colcon_core.environment:checking '/home/manzur2/ros2_ws/src/ros2_diff_drive_robot_description/install/ros2_diff_drive_robot_description' for CMake module files
[0.306s] Level 1:colcon.colcon_core.environment:checking '/home/manzur2/ros2_ws/src/ros2_diff_drive_robot_description/install/ros2_diff_drive_robot_description' for CMake config files
[0.306s] Level 1:colcon.colcon_core.shell:create_environment_hook('ros2_diff_drive_robot_description', 'cmake_prefix_path')
[0.308s] INFO:colcon.colcon_core.shell:Creating environment hook '/home/manzur2/ros2_ws/src/ros2_diff_drive_robot_description/install/ros2_diff_drive_robot_description/share/ros2_diff_drive_robot_description/hook/cmake_prefix_path.ps1'
[0.309s] INFO:colcon.colcon_core.shell:Creating environment descriptor '/home/manzur2/ros2_ws/src/ros2_diff_drive_robot_description/install/ros2_diff_drive_robot_description/share/ros2_diff_drive_robot_description/hook/cmake_prefix_path.dsv'
[0.310s] INFO:colcon.colcon_core.shell:Creating environment hook '/home/manzur2/ros2_ws/src/ros2_diff_drive_robot_description/install/ros2_diff_drive_robot_description/share/ros2_diff_drive_robot_description/hook/cmake_prefix_path.sh'
[0.310s] Level 1:colcon.colcon_core.environment:checking '/home/manzur2/ros2_ws/src/ros2_diff_drive_robot_description/install/ros2_diff_drive_robot_description/bin'
[0.311s] Level 1:colcon.colcon_core.environment:checking '/home/manzur2/ros2_ws/src/ros2_diff_drive_robot_description/install/ros2_diff_drive_robot_description/lib/pkgconfig/ros2_diff_drive_robot_description.pc'
[0.311s] Level 1:colcon.colcon_core.environment:checking '/home/manzur2/ros2_ws/src/ros2_diff_drive_robot_description/install/ros2_diff_drive_robot_description/lib/python3.8/site-packages'
[0.311s] Level 1:colcon.colcon_core.environment:checking '/home/manzur2/ros2_ws/src/ros2_diff_drive_robot_description/install/ros2_diff_drive_robot_description/bin'
[0.314s] INFO:colcon.colcon_core.shell:Creating package script '/home/manzur2/ros2_ws/src/ros2_diff_drive_robot_description/install/ros2_diff_drive_robot_description/share/ros2_diff_drive_robot_description/package.ps1'
[0.314s] INFO:colcon.colcon_core.shell:Creating package descriptor '/home/manzur2/ros2_ws/src/ros2_diff_drive_robot_description/install/ros2_diff_drive_robot_description/share/ros2_diff_drive_robot_description/package.dsv'
[0.315s] INFO:colcon.colcon_core.shell:Creating package script '/home/manzur2/ros2_ws/src/ros2_diff_drive_robot_description/install/ros2_diff_drive_robot_description/share/ros2_diff_drive_robot_description/package.sh'
[0.316s] INFO:colcon.colcon_core.shell:Creating package script '/home/manzur2/ros2_ws/src/ros2_diff_drive_robot_description/install/ros2_diff_drive_robot_description/share/ros2_diff_drive_robot_description/package.bash'
[0.316s] INFO:colcon.colcon_core.shell:Creating package script '/home/manzur2/ros2_ws/src/ros2_diff_drive_robot_description/install/ros2_diff_drive_robot_description/share/ros2_diff_drive_robot_description/package.zsh'
[0.317s] Level 1:colcon.colcon_core.environment:create_file_with_runtime_dependencies(/home/manzur2/ros2_ws/src/ros2_diff_drive_robot_description/install/ros2_diff_drive_robot_description/share/colcon-core/packages/ros2_diff_drive_robot_description)
[0.317s] DEBUG:colcon.colcon_parallel_executor.executor.parallel:closing loop
[0.318s] DEBUG:colcon.colcon_parallel_executor.executor.parallel:loop closed
[0.318s] DEBUG:colcon.colcon_parallel_executor.executor.parallel:run_until_complete finished with '0'
[0.318s] DEBUG:colcon.colcon_core.event_reactor:joining thread
[0.328s] INFO:colcon.colcon_core.plugin_system:Skipping extension 'colcon_notification.desktop_notification.terminal_notifier': Not used on non-Darwin systems
[0.328s] INFO:colcon.colcon_core.plugin_system:Skipping extension 'colcon_notification.desktop_notification.win32': Not used on non-Windows systems
[0.328s] INFO:colcon.colcon_notification.desktop_notification:Sending desktop notification using 'notify2'
[0.354s] DEBUG:colcon.colcon_core.event_reactor:joined thread
[0.357s] INFO:colcon.colcon_core.shell:Creating prefix script '/home/manzur2/ros2_ws/src/ros2_diff_drive_robot_description/install/local_setup.ps1'
[0.358s] INFO:colcon.colcon_core.shell:Creating prefix util module '/home/manzur2/ros2_ws/src/ros2_diff_drive_robot_description/install/_local_setup_util_ps1.py'
[0.360s] INFO:colcon.colcon_core.shell:Creating prefix chain script '/home/manzur2/ros2_ws/src/ros2_diff_drive_robot_description/install/setup.ps1'
[0.363s] INFO:colcon.colcon_core.shell:Creating prefix script '/home/manzur2/ros2_ws/src/ros2_diff_drive_robot_description/install/local_setup.sh'
[0.364s] INFO:colcon.colcon_core.shell:Creating prefix util module '/home/manzur2/ros2_ws/src/ros2_diff_drive_robot_description/install/_local_setup_util_sh.py'
[0.365s] INFO:colcon.colcon_core.shell:Creating prefix chain script '/home/manzur2/ros2_ws/src/ros2_diff_drive_robot_description/install/setup.sh'
[0.367s] INFO:colcon.colcon_core.shell:Creating prefix script '/home/manzur2/ros2_ws/src/ros2_diff_drive_robot_description/install/local_setup.bash'
[0.368s] INFO:colcon.colcon_core.shell:Creating prefix chain script '/home/manzur2/ros2_ws/src/ros2_diff_drive_robot_description/install/setup.bash'
[0.370s] INFO:colcon.colcon_core.shell:Creating prefix script '/home/manzur2/ros2_ws/src/ros2_diff_drive_robot_description/install/local_setup.zsh'
[0.371s] INFO:colcon.colcon_core.shell:Creating prefix chain script '/home/manzur2/ros2_ws/src/ros2_diff_drive_robot_description/install/setup.zsh'
